2025.01.13 16:33:47 INFO  Started: Metals version 1.4.2 in folders 'C:\Users\mitic\GitHub\Magistrale\PA\Temi d'esame\2024-07-17' for client Visual Studio Code 1.85.1.
2025.01.13 16:33:48 INFO  no build target found for C:\Users\mitic\GitHub\Magistrale\PA\Temi d'esame\2024-07-17\es7_visitor\src\App.java. Using presentation compiler with project's scala-library version: 3.3.4
2025.01.13 16:33:48 WARN  no build tool detected in workspace 'C:\Users\mitic\GitHub\Magistrale\PA\Temi d'esame\2024-07-17'. The most common cause for this problem is that the editor was opened in the wrong working directory, for example if you use sbt then the workspace directory should contain build.sbt. 
2025.01.13 16:33:48 WARN  Build server is not auto-connectable.
2025.01.13 16:33:50 WARN  Running javac-semanticdb failed for file:///C:/Users/mitic/GitHub/Magistrale/PA/Temi%20d'esame/2024-07-17/es7_visitor/src/AccessoTribunaVip.java. Output:

2025.01.13 16:33:50 WARN  Running javac-semanticdb failed for file:///C:/Users/mitic/GitHub/Magistrale/PA/Temi%20d'esame/2024-07-17/es7_visitor/src/Tifoso.java. Output:

2025.01.13 16:33:50 WARN  Running javac-semanticdb failed for file:///C:/Users/mitic/GitHub/Magistrale/PA/Temi%20d'esame/2024-07-17/es7_visitor/src/stampaCredenziali.java. Output:

2025.01.13 16:33:50 WARN  Running javac-semanticdb failed for file:///C:/Users/mitic/GitHub/Magistrale/PA/Temi%20d'esame/2024-07-17/es7_visitor/src/Giornalista.java. Output:

2025.01.13 16:33:50 WARN  Running javac-semanticdb failed for file:///C:/Users/mitic/GitHub/Magistrale/PA/Temi%20d'esame/2024-07-17/es7_visitor/src/Vip.java. Output:

2025.01.13 16:33:50 INFO  no build target found for C:\Users\mitic\GitHub\Magistrale\PA\Temi d'esame\2024-07-17\es7_visitor\src\App.java. Using presentation compiler with project's scala-library version: 3.3.4
2025.01.13 16:33:50 WARN  Running javac-semanticdb failed for file:///C:/Users/mitic/GitHub/Magistrale/PA/Temi%20d'esame/2024-07-17/es7_visitor/src/App.java. Output:

2025.01.13 16:33:50 WARN  Running javac-semanticdb failed for file:///C:/Users/mitic/GitHub/Magistrale/PA/Temi%20d'esame/2024-07-17/es7_visitor/src/visitor.java. Output:

2025.01.13 16:33:51 WARN  Running javac-semanticdb failed for file:///C:/Users/mitic/GitHub/Magistrale/PA/Temi%20d'esame/2024-07-17/es7_visitor/src/Spettatore.java. Output:

gen 13, 2025 4:33:53 PM scala.meta.internal.pc.CompilerAccess handleError
SEVERE: A severe compiler error occurred, full details of the error can be found in the error report C:\Users\mitic\GitHub\Magistrale\PA\Temi d'esame\2024-07-17\.metals\.reports\metals-full\2025-01-13\r_compiler-error_16-33-53-436.md
2025.01.13 16:36:00 ERROR SLF4J: Failed to load class "org.slf4j.impl.StaticLoggerBinder".
2025.01.13 16:36:00 ERROR SLF4J: Defaulting to no-operation (NOP) logger implementation
2025.01.13 16:36:00 ERROR SLF4J: See http://www.slf4j.org/codes.html#StaticLoggerBinder for further details.
2025.01.13 16:36:02 INFO  
2025.01.13 16:36:02 INFO  Template applied in C:\Users\mitic\GitHub\Magistrale\PA\Temi d'esame\2024-07-17\es8_scala\.\es8_scala
2025.01.13 16:36:02 INFO  
2025.01.13 16:36:02 INFO  time: ran 'giter8.Giter8' in 3.04s
2025.01.13 16:41:12 INFO  no build target found for C:\Users\mitic\GitHub\Magistrale\PA\Temi d'esame\2024-07-17\es7_visitor\src\App.java. Using presentation compiler with project's scala-library version: 3.3.4
gen 13, 2025 4:41:13 PM scala.meta.internal.pc.CompilerAccess handleError
SEVERE: A severe compiler error occurred, full details of the error can be found in the error report C:\Users\mitic\GitHub\Magistrale\PA\Temi d'esame\2024-07-17\.metals\.reports\metals-full\2025-01-13\r_compiler-error_16-41-13-415.md
2025.01.13 16:41:17 INFO  no build target found for C:\Users\mitic\GitHub\Magistrale\PA\Temi d'esame\2024-07-17\es7_visitor\src\App.java. Using presentation compiler with project's scala-library version: 3.3.4
2025.01.13 16:41:32 INFO  Shutting down server
2025.01.13 16:41:32 INFO  shutting down Metals
2025.01.13 16:41:32 INFO  Exiting server
